GROUP,PACKAGE,CLASS,INSTRUCTION_MISSED,INSTRUCTION_COVERED,BRANCH_MISSED,BRANCH_COVERED,LINE_MISSED,LINE_COVERED,COMPLEXITY_MISSED,COMPLEXITY_COVERED,METHOD_MISSED,METHOD_COVERED
bookReviewer,org,Review,18,45,0,0,6,16,6,5,6,5
bookReviewer,org,ExtractData,17,306,3,19,5,72,6,30,3,22
bookReviewer,org,Book,27,94,0,0,9,26,9,9,9,9
bookReviewer,org,Author,0,42,1,1,0,13,1,6,0,6
bookReviewer,org,ExtractDataset,9,211,0,4,6,38,0,10,0,8
bookReviewer,org,MainClass,54,370,6,8,25,67,8,34,2,33
bookReviewer,org,User,42,26,0,0,8,9,6,3,6,3
